ERC report (2026-05-01T21:21:26, Encoding UTF8)
Report includes: Errors, Warnings

***** Sheet /
[lib_symbol_issues]: 当前配置不包含符号库 'custom'
    ; warning
    @(30.48 mm, 204.47 mm): 符号 J2 [Conn_01x08]
[lib_symbol_issues]: 当前配置不包含符号库 'custom'
    ; warning
    @(59.69 mm, 204.47 mm): 符号 J3 [Conn_01x04]
[lib_symbol_issues]: 当前配置不包含符号库 'custom'
    ; warning
    @(180.34 mm, 180.34 mm): 符号 J1 [Conn_02x10_Odd_Even]
[lib_symbol_issues]: 当前配置不包含符号库 'custom'
    ; warning
    @(39.37 mm, 30.48 mm): 符号 U1 [FP6277]
[lib_symbol_issues]: 当前配置不包含符号库 'custom'
    ; warning
    @(39.37 mm, 64.77 mm): 符号 U2 [FP6276]
[lib_symbol_issues]: 当前配置不包含符号库 'custom'
    ; warning
    @(39.37 mm, 100.33 mm): 符号 U3 [ME2802]
[lib_symbol_issues]: 当前配置不包含符号库 'custom'
    ; warning
    @(39.37 mm, 134.62 mm): 符号 U4 [SY7208]
[lib_symbol_issues]: 当前配置不包含符号库 'custom'
    ; warning
    @(39.37 mm, 180.34 mm): 符号 U5 [RT9193-ADJ]
[lib_symbol_issues]: 当前配置不包含符号库 'custom'
    ; warning
    @(39.37 mm, 209.55 mm): 符号 U6 [RT9193-ADJ]
[lib_symbol_issues]: 当前配置不包含符号库 'custom'
    ; warning
    @(39.37 mm, 240.03 mm): 符号 U7 [RT9193-ADJ]
[lib_symbol_issues]: 当前配置不包含符号库 'custom'
    ; warning
    @(39.37 mm, 270.51 mm): 符号 U8 [RT9193-ADJ]
[lib_symbol_issues]: 当前配置不包含符号库 'custom'
    ; warning
    @(39.37 mm, 299.72 mm): 符号 U9 [RT9193-ADJ]
[lib_symbol_issues]: 当前配置不包含符号库 'custom'
    ; warning
    @(39.37 mm, 330.20 mm): 符号 U21 [RT9193-ADJ]
[lib_symbol_issues]: 当前配置不包含符号库 'custom'
    ; warning
    @(30.48 mm, 30.48 mm): 符号 U10 [EL7156]
[lib_symbol_issues]: 当前配置不包含符号库 'custom'
    ; warning
    @(30.48 mm, 59.69 mm): 符号 U12 [EL7156]
[lib_symbol_issues]: 当前配置不包含符号库 'custom'
    ; warning
    @(30.48 mm, 90.17 mm): 符号 U14 [EL7156]
[lib_symbol_issues]: 当前配置不包含符号库 'custom'
    ; warning
    @(90.17 mm, 59.69 mm): 符号 U13 [EL7156]
[lib_symbol_issues]: 当前配置不包含符号库 'custom'
    ; warning
    @(30.48 mm, 119.38 mm): 符号 U16 [EL7156]
[lib_symbol_issues]: 当前配置不包含符号库 'custom'
    ; warning
    @(90.17 mm, 90.17 mm): 符号 U15 [EL7156]
[lib_symbol_issues]: 当前配置不包含符号库 'custom'
    ; warning
    @(90.17 mm, 119.38 mm): 符号 U17 [EL7156]
[lib_symbol_issues]: 当前配置不包含符号库 'custom'
    ; warning
    @(30.48 mm, 149.86 mm): 符号 U19 [EL7156]
[lib_symbol_issues]: 当前配置不包含符号库 'custom'
    ; warning
    @(90.17 mm, 149.86 mm): 符号 U20 [EL7156]
[lib_symbol_issues]: 当前配置不包含符号库 'custom'
    ; warning
    @(49.53 mm, 30.48 mm): 符号 U18 [74HC04]
[lib_symbol_issues]: 当前配置不包含符号库 'custom'
    ; warning
    @(30.48 mm, 119.38 mm): 符号 Q12 [AO3408]
[lib_symbol_issues]: 当前配置不包含符号库 'custom'
    ; warning
    @(59.69 mm, 119.38 mm): 符号 Q13 [AO3408]
[lib_symbol_issues]: 在符号库中 'NTC' 找不到符号 'Device'
    ; warning
    @(90.17 mm, 119.38 mm): 符号 TH1 [NTC]
[footprint_link_issues]: 在库 'Socket' 中找不到封装 'DIP_Socket-60_W7.62mm'
    ; warning
    @(59.69 mm, 59.69 mm): 符号 CCD1 [CERDIP-60]
[lib_symbol_issues]: 当前配置不包含符号库 'custom'
    ; warning
    @(59.69 mm, 59.69 mm): 符号 CCD1 [CERDIP-60]

***** Sheet /Power Supply/
[power_pin_not_driven]: Input Power pin not driven by any Output Power pins
    ; error
    @(31.75 mm, 30.48 mm): Symbol U1 引脚 2 [GND, 电源输入, 图线]
[power_pin_not_driven]: Input Power pin not driven by any Output Power pins
    ; error
    @(46.99 mm, 35.56 mm): Symbol U1 引脚 6 [VIN, 电源输入, 图线]
[power_pin_not_driven]: Input Power pin not driven by any Output Power pins
    ; error
    @(31.75 mm, 180.34 mm): Symbol U5 引脚 2 [GND, 电源输入, 图线]
[power_pin_not_driven]: Input Power pin not driven by any Output Power pins
    ; error
    @(31.75 mm, 240.03 mm): Symbol U7 引脚 2 [GND, 电源输入, 图线]

***** Sheet /Clock Drivers/

***** Sheet /Control/
[power_pin_not_driven]: Input Power pin not driven by any Output Power pins
    ; error
    @(59.69 mm, 45.72 mm): Symbol U18 引脚 14 [VCC, 电源输入, 图线]

***** Sheet /CCD Sensor/

 ** ERC messages: 33  Errors 5  Warnings 28

 ** Ignored checks:
    - Global label only appears once in the schematic
    - Four connection points are joined together
    - SPICE model issue
    - Assigned footprint doesn't match footprint filters
